{"level":"info","message":"Google auth success: villacicafrancisian@gmail.com"}
{"level":"info","message":"Google auth success: villacicafrancisian@gmail.com"}
{"level":"info","message":"Google auth success: villacicafrancisian@gmail.com"}
{"level":"info","message":"Google auth success: villacicafrancisian@gmail.com"}
{"level":"info","message":"Google auth success: villacicafrancisian@gmail.com"}
{"level":"info","message":"Google auth success: villacicafrancisian@gmail.com"}
{"level":"info","message":"Google auth success: villacicafrancisian@gmail.com"}
{"level":"info","message":"Google auth success: villacicafrancisian@gmail.com"}
{"level":"info","message":"Google auth success: villacicafrancisian@gmail.com"}
{"level":"info","message":"Google auth success: villacicafrancisian@gmail.com"}
{"level":"info","message":"Google auth success: villacicafrancisian@gmail.com"}
{"level":"info","message":"Google auth success: villacicafrancisian@gmail.com"}
{"level":"info","message":"Google auth success: villacicafrancisian@gmail.com"}
{"level":"info","message":"Google auth success: villacicafrancisian@gmail.com"}
{"level":"warn","message":"Invalid session attempt","token":"eyJhbGciOiJIUzI1NiIsInR5cCI6IkpXVCJ9.eyJpZCI6IjY4OGNiNWZmZmUyZGZmYTM4YjFiMWY3ZSIsImVtYWlsIjoidmlsbGFjaWNhZnJhbmNpc2lhbkBnbWFpbC5jb20iLCJzZXNzaW9uSWQiOjE3NTQxMzkyMTUwNTUsImlhdCI6MTc1NDEzOTIxNSwiZXhwIjoxNzU0NzQ0MDE1fQ.FzTHkz0bZmr-OOKPSeAb-jjURtnehAGn0kU-xdCbMoo","userId":"688cb5fffe2dffa38b1b1f7e"}
{"level":"warn","message":"Invalid session attempt","token":"eyJhbGciOiJIUzI1NiIsInR5cCI6IkpXVCJ9.eyJpZCI6IjY4OGNiNWZmZmUyZGZmYTM4YjFiMWY3ZSIsImVtYWlsIjoidmlsbGFjaWNhZnJhbmNpc2lhbkBnbWFpbC5jb20iLCJzZXNzaW9uSWQiOjE3NTQxMzkyMTUwNTUsImlhdCI6MTc1NDEzOTIxNSwiZXhwIjoxNzU0NzQ0MDE1fQ.FzTHkz0bZmr-OOKPSeAb-jjURtnehAGn0kU-xdCbMoo","userId":"688cb5fffe2dffa38b1b1f7e"}
{"level":"warn","message":"Invalid session attempt","token":"eyJhbGciOiJIUzI1NiIsInR5cCI6IkpXVCJ9.eyJpZCI6IjY4OGNiNWZmZmUyZGZmYTM4YjFiMWY3ZSIsImVtYWlsIjoidmlsbGFjaWNhZnJhbmNpc2lhbkBnbWFpbC5jb20iLCJzZXNzaW9uSWQiOjE3NTQxMzkyMTUwNTUsImlhdCI6MTc1NDEzOTIxNSwiZXhwIjoxNzU0NzQ0MDE1fQ.FzTHkz0bZmr-OOKPSeAb-jjURtnehAGn0kU-xdCbMoo","userId":"688cb5fffe2dffa38b1b1f7e"}
{"level":"warn","message":"Invalid session attempt","token":"eyJhbGciOiJIUzI1NiIsInR5cCI6IkpXVCJ9.eyJpZCI6IjY4OGNiNWZmZmUyZGZmYTM4YjFiMWY3ZSIsImVtYWlsIjoidmlsbGFjaWNhZnJhbmNpc2lhbkBnbWFpbC5jb20iLCJzZXNzaW9uSWQiOjE3NTQxMzkyMTUwNTUsImlhdCI6MTc1NDEzOTIxNSwiZXhwIjoxNzU0NzQ0MDE1fQ.FzTHkz0bZmr-OOKPSeAb-jjURtnehAGn0kU-xdCbMoo","userId":"688cb5fffe2dffa38b1b1f7e"}
{"level":"warn","message":"Invalid session attempt","token":"eyJhbGciOiJIUzI1NiIsInR5cCI6IkpXVCJ9.eyJpZCI6IjY4OGNiNWZmZmUyZGZmYTM4YjFiMWY3ZSIsImVtYWlsIjoidmlsbGFjaWNhZnJhbmNpc2lhbkBnbWFpbC5jb20iLCJzZXNzaW9uSWQiOjE3NTQxMzkyMTUwNTUsImlhdCI6MTc1NDEzOTIxNSwiZXhwIjoxNzU0NzQ0MDE1fQ.FzTHkz0bZmr-OOKPSeAb-jjURtnehAGn0kU-xdCbMoo","userId":"688cb5fffe2dffa38b1b1f7e"}
{"level":"warn","message":"Invalid session attempt","token":"eyJhbGciOiJIUzI1NiIsInR5cCI6IkpXVCJ9.eyJpZCI6IjY4OGNiNWZmZmUyZGZmYTM4YjFiMWY3ZSIsImVtYWlsIjoidmlsbGFjaWNhZnJhbmNpc2lhbkBnbWFpbC5jb20iLCJzZXNzaW9uSWQiOjE3NTQxMzkyMTUwNTUsImlhdCI6MTc1NDEzOTIxNSwiZXhwIjoxNzU0NzQ0MDE1fQ.FzTHkz0bZmr-OOKPSeAb-jjURtnehAGn0kU-xdCbMoo","userId":"688cb5fffe2dffa38b1b1f7e"}
{"level":"info","message":"Google auth success: villacicafrancisian@gmail.com"}
{"level":"warn","message":"Invalid session attempt","token":"eyJhbGciOiJIUzI1NiIsInR5cCI6IkpXVCJ9.eyJpZCI6IjY4OGNiNWZmZmUyZGZmYTM4YjFiMWY3ZSIsImVtYWlsIjoidmlsbGFjaWNhZnJhbmNpc2lhbkBnbWFpbC5jb20iLCJzZXNzaW9uSWQiOjE3NTQxNDEzNTk1MDksImlhdCI6MTc1NDE0MTM1OSwiZXhwIjoxNzU0NzQ2MTU5fQ.QvW6PBTJCcKBYYdN1IAHYuQT_R2QSUK7bFs62vkgDQ8","userId":"688cb5fffe2dffa38b1b1f7e"}
{"action":"GET","endpoint":"/verify","level":"info","message":"Authenticated user 688cac145c0972f57ee4efe3"}
{"action":"GET","endpoint":"/","level":"info","message":"Authenticated user 688cac145c0972f57ee4efe3"}
{"action":"GET","endpoint":"/verify","level":"info","message":"Authenticated user 688e12dc8a766bb5502961fb"}
{"level":"warn","message":"Invalid session attempt","token":"eyJhbGciOiJIUzI1NiIsInR5cCI6IkpXVCJ9.eyJpZCI6IjY4OGUxMmRjOGE3NjZiYjU1MDI5NjFmYiIsImVtYWlsIjoibmFuaUBnbWFpbC5jb20iLCJzZXNzaW9uSWQiOjE3NTQxNDE0MDQxNTMsImlhdCI6MTc1NDE0MTQwNCwiZXhwIjoxNzU0NzQ2MjA0fQ.37DUEW6_dqwXvUKaRh2niNd4QmKdfFXTlaaGC54Mchw","userId":"688e12dc8a766bb5502961fb"}
{"level":"warn","message":"Invalid session attempt","token":"eyJhbGciOiJIUzI1NiIsInR5cCI6IkpXVCJ9.eyJpZCI6IjY4OGUxMmRjOGE3NjZiYjU1MDI5NjFmYiIsImVtYWlsIjoibmFuaUBnbWFpbC5jb20iLCJzZXNzaW9uSWQiOjE3NTQxNDE0MDQxNTMsImlhdCI6MTc1NDE0MTQwNCwiZXhwIjoxNzU0NzQ2MjA0fQ.37DUEW6_dqwXvUKaRh2niNd4QmKdfFXTlaaGC54Mchw","userId":"688e12dc8a766bb5502961fb"}
{"action":"GET","endpoint":"/verify","level":"info","message":"Authenticated user 688cac145c0972f57ee4efe3"}
{"action":"GET","endpoint":"/","level":"info","message":"Authenticated user 688cac145c0972f57ee4efe3"}
{"action":"GET","endpoint":"/verify","level":"info","message":"Authenticated user 688e12dc8a766bb5502961fb"}
{"action":"GET","endpoint":"/","level":"info","message":"Authenticated user 688e12dc8a766bb5502961fb"}
{"action":"POST","endpoint":"/","level":"info","message":"Authenticated user 688e12dc8a766bb5502961fb"}
{"level":"info","message":"Google auth success: villacicafrancisian@gmail.com"}
{"level":"warn","message":"Invalid session attempt","token":"eyJhbGciOiJIUzI1NiIsInR5cCI6IkpXVCJ9.eyJpZCI6IjY4OGNiNWZmZmUyZGZmYTM4YjFiMWY3ZSIsImVtYWlsIjoidmlsbGFjaWNhZnJhbmNpc2lhbkBnbWFpbC5jb20iLCJzZXNzaW9uSWQiOjE3NTQxNDE0NzQyNjgsImlhdCI6MTc1NDE0MTQ3NCwiZXhwIjoxNzU0NzQ2Mjc0fQ.mzSrxIVBBAyY95spEMhhdqdvb0ZLMTqMhy6ZWK74dg4","userId":"688cb5fffe2dffa38b1b1f7e"}
{"level":"warn","message":"Invalid session attempt","token":"eyJhbGciOiJIUzI1NiIsInR5cCI6IkpXVCJ9.eyJpZCI6IjY4OGNiNWZmZmUyZGZmYTM4YjFiMWY3ZSIsImVtYWlsIjoidmlsbGFjaWNhZnJhbmNpc2lhbkBnbWFpbC5jb20iLCJzZXNzaW9uSWQiOjE3NTQxNDE0NzQyNjgsImlhdCI6MTc1NDE0MTQ3NCwiZXhwIjoxNzU0NzQ2Mjc0fQ.mzSrxIVBBAyY95spEMhhdqdvb0ZLMTqMhy6ZWK74dg4","userId":"688cb5fffe2dffa38b1b1f7e"}
{"level":"info","message":"Google auth success: villacicafrancisian@gmail.com"}
{"level":"warn","message":"Invalid session attempt","token":"eyJhbGciOiJIUzI1NiIsInR5cCI6IkpXVCJ9.eyJpZCI6IjY4OGNiNWZmZmUyZGZmYTM4YjFiMWY3ZSIsImVtYWlsIjoidmlsbGFjaWNhZnJhbmNpc2lhbkBnbWFpbC5jb20iLCJzZXNzaW9uSWQiOjE3NTQxNDM0NTY2NjIsImlhdCI6MTc1NDE0MzQ1NiwiZXhwIjoxNzU0NzQ4MjU2fQ.6NOoJ_eppM01v0ysizQzmfrJSx7VObsZM6-n6hgdpSs","userId":"688cb5fffe2dffa38b1b1f7e"}
{"level":"warn","message":"Invalid session attempt","token":"eyJhbGciOiJIUzI1NiIsInR5cCI6IkpXVCJ9.eyJpZCI6IjY4OGNiNWZmZmUyZGZmYTM4YjFiMWY3ZSIsImVtYWlsIjoidmlsbGFjaWNhZnJhbmNpc2lhbkBnbWFpbC5jb20iLCJzZXNzaW9uSWQiOjE3NTQxNDM0NTY2NjIsImlhdCI6MTc1NDE0MzQ1NiwiZXhwIjoxNzU0NzQ4MjU2fQ.6NOoJ_eppM01v0ysizQzmfrJSx7VObsZM6-n6hgdpSs","userId":"688cb5fffe2dffa38b1b1f7e"}
{"level":"info","message":"Google auth success: villacicafrancisian@gmail.com"}
{"endpoint":"/verify","level":"info","message":"Authenticated user 688cac145c0972f57ee4efe3","method":"GET"}
{"endpoint":"/","level":"info","message":"Authenticated user 688cac145c0972f57ee4efe3","method":"GET"}
{"level":"info","message":"Google auth success: villacicafrancisian@gmail.com"}
{"level":"info","message":"Google auth success: villacicafrancisian@gmail.com"}
{"level":"info","message":"Google auth success: villacicafrancisian@gmail.com"}
{"level":"info","message":"Google auth success: villacicafrancisian@gmail.com"}
{"level":"info","message":"Google auth success: villacicafrancisian@gmail.com"}
{"level":"info","message":"Google auth success: villacicafrancisian@gmail.com"}
{"level":"info","message":"Google auth success: villacicafrancisian@gmail.com"}
{"level":"info","message":"Google auth success: villacicafrancisian@gmail.com"}
{"level":"info","message":"Google auth success: villacicafrancisian@gmail.com"}
{"level":"info","message":"Google auth success: villacicafrancisian@gmail.com"}
{"level":"info","message":"Google auth success: villacicafrancisian@gmail.com"}
{"level":"info","message":"Google auth success: villacicafrancisian@gmail.com"}
{"level":"info","message":"Google auth success: villacicafrancisian@gmail.com"}
{"level":"info","message":"Google auth success: villacicafrancisian@gmail.com"}
{"level":"info","message":"Google auth success: villacicafrancisian@gmail.com"}
{"level":"info","message":"Google auth success: villacicafrancisian@gmail.com"}
{"level":"info","message":"Google auth success: villacicafrancisian@gmail.com"}
{"level":"info","message":"Google auth success: villacicafrancisian@gmail.com"}
{"level":"info","message":"Google auth success: villacicafrancisian@gmail.com"}
{"level":"info","message":"Google auth success: ianvil2321@gmail.com"}
{"level":"info","message":"Google auth success: villacicafrancisian@gmail.com"}
{"level":"info","message":"Google auth success: oian06980@gmail.com"}
{"level":"info","message":"Google auth success: villacicafrancisian@gmail.com"}
{"level":"info","message":"Google auth success: villacicafrancisian@gmail.com"}
{"level":"info","message":"Google auth success: villacicafrancisian@gmail.com (ID: 68937b343c42cd1199bb8350)"}
{"level":"info","message":"Google auth success: villacicafrancisian@gmail.com (ID: 68937b343c42cd1199bb8350)"}
{"level":"info","message":"Google auth success: villacicafrancisian@gmail.com (ID: 68937b343c42cd1199bb8350)"}
{"level":"info","message":"Google auth success: villacicafrancisian@gmail.com (ID: 68937b343c42cd1199bb8350)"}
{"level":"info","message":"Google auth success: villacicafrancisian@gmail.com (ID: 68937b343c42cd1199bb8350)"}
{"level":"info","message":"Google auth success: villacicafrancisian@gmail.com (ID: 68937b343c42cd1199bb8350)"}
{"level":"info","message":"Google auth success: ianvil2321@gmail.com (ID: 68937cf8eced039528799ba6)"}
{"level":"info","message":"Google auth success: villacicafrancisian@gmail.com (ID: 68937b343c42cd1199bb8350)"}
{"level":"info","message":"Google auth success: villacicafrancisian@gmail.com (ID: 68937b343c42cd1199bb8350)"}
{"level":"info","message":"Google auth success: villacicafrancisian@gmail.com (ID: 68937b343c42cd1199bb8350)"}
{"level":"info","message":"Google auth success: villacicafrancisian@gmail.com (ID: 68937b343c42cd1199bb8350)"}
{"level":"info","message":"Google auth success: villacicafrancisian@gmail.com (ID: 68937b343c42cd1199bb8350)"}
{"level":"info","message":"Google auth success: villacicafrancisian@gmail.com (ID: 68937b343c42cd1199bb8350)"}
{"level":"info","message":"Google auth success: villacicafrancisian@gmail.com (ID: 68937b343c42cd1199bb8350)"}
{"level":"info","message":"Google auth success: villacicafrancisian@gmail.com (ID: 68937b343c42cd1199bb8350)"}
{"level":"info","message":"Google auth success: villacicafrancisian@gmail.com (ID: 68937b343c42cd1199bb8350)"}
